# JRE version: OpenJDK Runtime Environment (22.0.1+8) (build 22.0.1+8-16)
# Java VM: OpenJDK 64-Bit Server VM (22.0.1+8-16, mixed mode, emulated-client, sharing, tiered, compressed oops, compressed class ptrs, g1 gc, windows-amd64)
GC Precious Log:
 CardTable entry size: 512
 Card Set container configuration: InlinePtr #cards 4 size 8 Array Of Cards #cards 16 size 48 Howl #buckets 8 coarsen threshold 3686 Howl Bitmap #cards 512 size 80 coarsen threshold 460 Card regions per heap region 1 cards per card region 4096
 CPUs: 16 total, 16 available
 Memory: 15792M
 Large Page Support: Disabled
 NUMA Support: Disabled
 Compressed Oops: Enabled (Zero based)
 Heap Region Size: 2M
 Heap Min Capacity: 8M
 Heap Initial Capacity: 248M
 Heap Max Capacity: 3950M
 Pre-touch: Disabled
 Parallel Workers: 13
 Concurrent Workers: 3
 Concurrent Refinement Workers: 13
 Periodic GC: Disabled
Heap:
 garbage-first heap   total reserved 4044800K, committed 114688K, used 65968K [0x0000000709200000, 0x0000000800000000)
  region size 2048K, 10 young (20480K), 2 survivors (4096K)
 Metaspace       used 87941K, committed 88960K, reserved 1179648K
  class space    used 12851K, committed 13312K, reserved 1048576K
GC Heap History (20 events):
Event: 2.269 GC heap before
{Heap before GC invocations=9 (full 0):
 garbage-first heap   total reserved 4044800K, committed 57344K, used 44252K [0x0000000709200000, 0x0000000800000000)
  region size 2048K, 14 young (28672K), 2 survivors (4096K)
 Metaspace       used 27412K, committed 27904K, reserved 1114112K
  class space    used 3677K, committed 3904K, reserved 1048576K
}
Event: 2.272 GC heap after
{Heap after GC invocations=10 (full 0):
 garbage-first heap   total reserved 4044800K, committed 155648K, used 21547K [0x0000000709200000, 0x0000000800000000)
  region size 2048K, 2 young (4096K), 2 survivors (4096K)
 Metaspace       used 27412K, committed 27904K, reserved 1114112K
  class space    used 3677K, committed 3904K, reserved 1048576K
}
Event: 3.236 GC heap before
{Heap before GC invocations=10 (full 0):
 garbage-first heap   total reserved 4044800K, committed 155648K, used 107563K [0x0000000709200000, 0x0000000800000000)
  region size 2048K, 45 young (92160K), 2 survivors (4096K)
 Metaspace       used 39575K, committed 40192K, reserved 1114112K
  class space    used 5515K, committed 5760K, reserved 1048576K
}
Event: 3.242 GC heap after
{Heap after GC invocations=11 (full 0):
 garbage-first heap   total reserved 4044800K, committed 155648K, used 26279K [0x0000000709200000, 0x0000000800000000)
  region size 2048K, 4 young (8192K), 4 survivors (8192K)
 Metaspace       used 39575K, committed 40192K, reserved 1114112K
  class space    used 5515K, committed 5760K, reserved 1048576K
}
Event: 3.389 GC heap before
{Heap before GC invocations=11 (full 0):
 garbage-first heap   total reserved 4044800K, committed 155648K, used 38567K [0x0000000709200000, 0x0000000800000000)
  region size 2048K, 11 young (22528K), 4 survivors (8192K)
 Metaspace       used 42598K, committed 43136K, reserved 1114112K
  class space    used 5851K, committed 6080K, reserved 1048576K
}
Event: 3.393 GC heap after
{Heap after GC invocations=12 (full 0):
 garbage-first heap   total reserved 4044800K, committed 155648K, used 27858K [0x0000000709200000, 0x0000000800000000)
  region size 2048K, 4 young (8192K), 4 survivors (8192K)
 Metaspace       used 42598K, committed 43136K, reserved 1114112K
  class space    used 5851K, committed 6080K, reserved 1048576K
}
Event: 4.327 GC heap before
{Heap before GC invocations=13 (full 0):
 garbage-first heap   total reserved 4044800K, committed 102400K, used 99538K [0x0000000709200000, 0x0000000800000000)
  region size 2048K, 39 young (79872K), 4 survivors (8192K)
 Metaspace       used 56722K, committed 57408K, reserved 1114112K
  class space    used 7944K, committed 8256K, reserved 1048576K
}
Event: 4.333 GC heap after
{Heap after GC invocations=14 (full 0):
 garbage-first heap   total reserved 4044800K, committed 114688K, used 31399K [0x0000000709200000, 0x0000000800000000)
  region size 2048K, 3 young (6144K), 3 survivors (6144K)
 Metaspace       used 56722K, committed 57408K, reserved 1114112K
  class space    used 7944K, committed 8256K, reserved 1048576K
}
Event: 5.264 GC heap before
{Heap before GC invocations=14 (full 0):
 garbage-first heap   total reserved 4044800K, committed 114688K, used 92839K [0x0000000709200000, 0x0000000800000000)
  region size 2048K, 33 young (67584K), 3 survivors (6144K)
 Metaspace       used 62138K, committed 62784K, reserved 1114112K
  class space    used 8796K, committed 9088K, reserved 1048576K
}
Event: 5.268 GC heap after
{Heap after GC invocations=15 (full 0):
 garbage-first heap   total reserved 4044800K, committed 114688K, used 34597K [0x0000000709200000, 0x0000000800000000)
  region size 2048K, 4 young (8192K), 4 survivors (8192K)
 Metaspace       used 62138K, committed 62784K, reserved 1114112K
  class space    used 8796K, committed 9088K, reserved 1048576K
}
Event: 5.618 GC heap before
{Heap before GC invocations=15 (full 0):
 garbage-first heap   total reserved 4044800K, committed 114688K, used 63269K [0x0000000709200000, 0x0000000800000000)
  region size 2048K, 19 young (38912K), 4 survivors (8192K)
 Metaspace       used 66115K, committed 66816K, reserved 1114112K
  class space    used 9329K, committed 9664K, reserved 1048576K
}
Event: 5.623 GC heap after
{Heap after GC invocations=16 (full 0):
 garbage-first heap   total reserved 4044800K, committed 114688K, used 36466K [0x0000000709200000, 0x0000000800000000)
  region size 2048K, 3 young (6144K), 3 survivors (6144K)
 Metaspace       used 66115K, committed 66816K, reserved 1114112K
  class space    used 9329K, committed 9664K, reserved 1048576K
}
Event: 6.196 GC heap before
{Heap before GC invocations=17 (full 0):
 garbage-first heap   total reserved 4044800K, committed 114688K, used 95858K [0x0000000709200000, 0x0000000800000000)
  region size 2048K, 33 young (67584K), 3 survivors (6144K)
 Metaspace       used 70358K, committed 71040K, reserved 1114112K
  class space    used 10204K, committed 10496K, reserved 1048576K
}
Event: 6.200 GC heap after
{Heap after GC invocations=18 (full 0):
 garbage-first heap   total reserved 4044800K, committed 114688K, used 41545K [0x0000000709200000, 0x0000000800000000)
  region size 2048K, 5 young (10240K), 5 survivors (10240K)
 Metaspace       used 70358K, committed 71040K, reserved 1114112K
  class space    used 10204K, committed 10496K, reserved 1048576K
}
Event: 6.666 GC heap before
{Heap before GC invocations=18 (full 0):
 garbage-first heap   total reserved 4044800K, committed 114688K, used 94793K [0x0000000709200000, 0x0000000800000000)
  region size 2048K, 31 young (63488K), 5 survivors (10240K)
 Metaspace       used 74786K, committed 75584K, reserved 1114112K
  class space    used 10861K, committed 11200K, reserved 1048576K
}
Event: 6.672 GC heap after
{Heap after GC invocations=19 (full 0):
 garbage-first heap   total reserved 4044800K, committed 114688K, used 44317K [0x0000000709200000, 0x0000000800000000)
  region size 2048K, 3 young (6144K), 3 survivors (6144K)
 Metaspace       used 74786K, committed 75584K, reserved 1114112K
  class space    used 10861K, committed 11200K, reserved 1048576K
}
Event: 13.272 GC heap before
{Heap before GC invocations=19 (full 0):
 garbage-first heap   total reserved 4044800K, committed 114688K, used 97565K [0x0000000709200000, 0x0000000800000000)
  region size 2048K, 29 young (59392K), 3 survivors (6144K)
 Metaspace       used 79414K, committed 80320K, reserved 1179648K
  class space    used 11573K, committed 11968K, reserved 1048576K
}
Event: 13.276 GC heap after
{Heap after GC invocations=20 (full 0):
 garbage-first heap   total reserved 4044800K, committed 114688K, used 47898K [0x0000000709200000, 0x0000000800000000)
  region size 2048K, 4 young (8192K), 4 survivors (8192K)
 Metaspace       used 79414K, committed 80320K, reserved 1179648K
  class space    used 11573K, committed 11968K, reserved 1048576K
}
Event: 14.017 GC heap before
{Heap before GC invocations=21 (full 0):
 garbage-first heap   total reserved 4044800K, committed 114688K, used 95002K [0x0000000709200000, 0x0000000800000000)
  region size 2048K, 28 young (57344K), 4 survivors (8192K)
 Metaspace       used 87117K, committed 88192K, reserved 1179648K
  class space    used 12716K, committed 13184K, reserved 1048576K
}
Event: 14.022 GC heap after
{Heap after GC invocations=22 (full 0):
 garbage-first heap   total reserved 4044800K, committed 114688K, used 51632K [0x0000000709200000, 0x0000000800000000)
  region size 2048K, 2 young (4096K), 2 survivors (4096K)
 Metaspace       used 87117K, committed 88192K, reserved 1179648K
  class space    used 12716K, committed 13184K, reserved 1048576K
}

